

Microchip MPLAB XC8 Assembler V2.46 build 20240104201356 
                                                                                               Mon Apr 22 19:02:54 2024

Microchip MPLAB XC8 C Compiler v2.46 (Free license) build 20240104201356 Og1 
     1                           	processor	18F4520
     2                           	fnconf	rparam,??,?,0
     3                           	pagewidth 120
     4                           	opt	flic
     5                           	psect	nvCOMRAM,global,class=COMRAM,space=1,delta=1,lowdata,noexec
     6                           	psect	cinit,global,reloc=2,class=CODE,delta=1
     7                           	psect	cstackCOMRAM,global,class=COMRAM,space=1,delta=1,lowdata,noexec
     8                           	psect	text0,global,reloc=2,class=CODE,delta=1
     9                           	psect	text1,global,reloc=2,class=CODE,delta=1
    10                           	psect	text2,global,reloc=2,class=CODE,delta=1
    11                           	psect	smallconst,global,reloc=2,class=SMALLCONST,delta=1,noexec
    12                           	psect	intsave_regs,global,class=BIGRAM,space=1,delta=1,noexec
    13                           	psect	rparam,global,class=COMRAM,space=1,delta=1,noexec
    14                           	psect	idloc,global,abs,ovrld,class=IDLOC,space=5,delta=1,noexec
    15                           	psect	config,global,abs,ovrld,class=CONFIG,space=4,delta=1,noexec
    16   000000                     
    17                           ; Generated 05/01/2024 GMT
    18                           ; 
    19                           ; Copyright © 2024, Microchip Technology Inc. and its subsidiaries ("Microchip")
    20                           ; All rights reserved.
    21                           ; 
    22                           ; This software is developed by Microchip Technology Inc. and its subsidiaries ("Microch
      +                          ip").
    23                           ; 
    24                           ; Redistribution and use in source and binary forms, with or without modification, are
    25                           ; permitted provided that the following conditions are met:
    26                           ; 
    27                           ;     1. Redistributions of source code must retain the above copyright notice, this lis
      +                          t of
    28                           ;        conditions and the following disclaimer.
    29                           ; 
    30                           ;     2. Redistributions in binary form must reproduce the above copyright notice, this 
      +                          list
    31                           ;        of conditions and the following disclaimer in the documentation and/or other
    32                           ;        materials provided with the distribution. Publication is not required when
    33                           ;        this file is used in an embedded application.
    34                           ; 
    35                           ;     3. Microchip's name may not be used to endorse or promote products derived from th
      +                          is
    36                           ;        software without specific prior written permission.
    37                           ; 
    38                           ; THIS SOFTWARE IS PROVIDED BY MICROCHIP "AS IS" AND ANY EXPRESS OR IMPLIED WARRANTIES,
    39                           ; INCLUDING, BUT NOT LIMITED TO, THE IMPLIED WARRANTIES OF MERCHANTABILITY AND FITNESS F
      +                          OR
    40                           ; PURPOSE ARE DISCLAIMED.  IN NO EVENT SHALL MICROCHIP BE LIABLE FOR ANY DIRECT, INDIREC
      +                          T,
    41                           ; INCIDENTAL, SPECIAL, EXEMPLARY, OR CONSEQUENTIAL DAMAGES (INCLUDING BUT NOT LIMITED TO
    42                           ; PROCUREMENT OF SUBSTITUTE GOODS OR SERVICES; LOSS OF USE, DATA OR PROFITS; OR BUSINESS
    43                           ; INTERRUPTION) HOWSOEVER CAUSED AND ON ANY THEORY OF LIABILITY, WHETHER IN CONTRACT, ST
      +                          RICT
    44                           ; LIABILITY, OR TORT (INCLUDING NEGLIGENCE OR OTHERWISE) ARISING IN ANY WAY OUT OF THE U
      +                          SE OF
    45                           ; THIS SOFTWARE, EVEN IF ADVISED OF THE POSSIBILITY OF SUCH DAMAGE.
    46                           ; 
    47                           ; 
    48                           ; Code-generator required, PIC18F4520 Definitions
    49                           ; 
    50                           ; SFR Addresses
    51   000000                     
    52                           	psect	nvCOMRAM
    53   000001                     __pnvCOMRAM:
    54                           	callstack 0
    55   000001                     _SensorValue:
    56                           	callstack 0
    57   000001                     	ds	2
    58   000000                     _PORTCbits	set	3970
    59   000000                     _PORTB	set	3969
    60   000000                     _PORTC	set	3970
    61   000000                     _TRISB	set	3987
    62   000000                     _OSCTUNE	set	3995
    63   000000                     _OSCCON	set	4051
    64   000000                     _ADCON1	set	4033
    65   000000                     _TRISC	set	3988
    66                           
    67                           ; #config settings
    68                           
    69                           	psect	cinit
    70   0006B6                     __pcinit:
    71                           	callstack 0
    72   0006B6                     start_initialization:
    73                           	callstack 0
    74   0006B6                     __initialization:
    75                           	callstack 0
    76   0006B6                     end_of_initialization:
    77                           	callstack 0
    78   0006B6                     __end_of__initialization:
    79                           	callstack 0
    80   0006B6  0E00               	movlw	low (__Lmediumconst shr (0+16))
    81   0006B8  6EF8               	movwf	tblptru,c
    82   0006BA  0100               	movlb	0
    83   0006BC  EF01  F003         	goto	_main	;jump to C main() function
    84                           
    85                           	psect	cstackCOMRAM
    86   000003                     __pcstackCOMRAM:
    87                           	callstack 0
    88   000003                     ??_main:
    89                           
    90                           ; 1 bytes @ 0x0
    91   000003                     	ds	2
    92                           
    93 ;;
    94 ;;Main: autosize = 0, tempsize = 2, incstack = 0, save=0
    95 ;;
    96 ;; *************** function _main *****************
    97 ;; Defined at:
    98 ;;		line 85 in file "Tank_Control_main.c"
    99 ;; Parameters:    Size  Location     Type
   100 ;;		None
   101 ;; Auto vars:     Size  Location     Type
   102 ;;		None
   103 ;; Return value:  Size  Location     Type
   104 ;;                  1    wreg      void 
   105 ;; Registers used:
   106 ;;		wreg, status,2, status,0, cstack
   107 ;; Tracked objects:
   108 ;;		On entry : 0/0
   109 ;;		On exit  : 0/0
   110 ;;		Unchanged: 0/0
   111 ;; Data sizes:     COMRAM   BANK0   BANK1   BANK2   BANK3   BANK4   BANK5
   112 ;;      Params:         0       0       0       0       0       0       0
   113 ;;      Locals:         0       0       0       0       0       0       0
   114 ;;      Temps:          2       0       0       0       0       0       0
   115 ;;      Totals:         2       0       0       0       0       0       0
   116 ;;Total ram usage:        2 bytes
   117 ;; Hardware stack levels required when called: 1
   118 ;; This function calls:
   119 ;;		_config_IO
   120 ;;		_config_OSC
   121 ;; This function is called by:
   122 ;;		Startup code after reset
   123 ;; This function uses a non-reentrant model
   124 ;;
   125                           
   126                           	psect	text0
   127   000602                     __ptext0:
   128                           	callstack 0
   129   000602                     _main:
   130                           	callstack 30
   131   000602                     
   132                           ;Tank_Control_main.c: 87:     config_OSC();
   133   000602  EC60  F003         	call	_config_OSC	;wreg free
   134                           
   135                           ;Tank_Control_main.c: 88:     config_IO();
   136   000606  EC52  F003         	call	_config_IO	;wreg free
   137   00060A                     l721:
   138                           
   139                           ;Tank_Control_main.c: 90:     {;Tank_Control_main.c: 91:         SensorValue = PORTB;
   140   00060A  CF81 F001          	movff	3969,_SensorValue	;volatile
   141   00060E  6A02               	clrf	(_SensorValue+1)^0,c
   142                           
   143                           ;Tank_Control_main.c: 92:         switch(SensorValue)
   144   000610  EF32  F003         	goto	l725
   145   000614                     l31:
   146                           
   147                           ;Tank_Control_main.c: 95:                 PORTCbits.RC0 = 1;
   148   000614  8082               	bsf	130,0,c	;volatile
   149                           
   150                           ;Tank_Control_main.c: 96:                 PORTCbits.RC1 = 1;
   151   000616  8282               	bsf	130,1,c	;volatile
   152                           
   153                           ;Tank_Control_main.c: 97:                 PORTCbits.RC2 = 0;
   154   000618  9482               	bcf	130,2,c	;volatile
   155                           
   156                           ;Tank_Control_main.c: 98:                 PORTCbits.RC3 = 1;
   157   00061A  8682               	bsf	130,3,c	;volatile
   158                           
   159                           ;Tank_Control_main.c: 99:                 PORTCbits.RC4 = 1;
   160   00061C  8882               	bsf	130,4,c	;volatile
   161                           
   162                           ;Tank_Control_main.c: 100:                 PORTCbits.RC5 = 1;
   163   00061E  8A82               	bsf	130,5,c	;volatile
   164                           
   165                           ;Tank_Control_main.c: 101:             break;
   166   000620  EF05  F003         	goto	l721
   167   000624                     l33:
   168                           
   169                           ;Tank_Control_main.c: 103:                 PORTCbits.RC0 = 1;
   170   000624  8082               	bsf	130,0,c	;volatile
   171                           
   172                           ;Tank_Control_main.c: 104:                 PORTCbits.RC1 = 1;
   173   000626  8282               	bsf	130,1,c	;volatile
   174                           
   175                           ;Tank_Control_main.c: 105:                 PORTCbits.RC2 = 0;
   176   000628  9482               	bcf	130,2,c	;volatile
   177                           
   178                           ;Tank_Control_main.c: 106:                 PORTCbits.RC3 = 1;
   179   00062A  8682               	bsf	130,3,c	;volatile
   180                           
   181                           ;Tank_Control_main.c: 107:                 PORTCbits.RC4 = 0;
   182   00062C  9882               	bcf	130,4,c	;volatile
   183                           
   184                           ;Tank_Control_main.c: 108:                 PORTCbits.RC5 = 0;
   185   00062E  9A82               	bcf	130,5,c	;volatile
   186                           
   187                           ;Tank_Control_main.c: 109:             break;
   188   000630  EF05  F003         	goto	l721
   189   000634                     l34:
   190                           
   191                           ;Tank_Control_main.c: 111:                 PORTCbits.RC0 = 1;
   192   000634  8082               	bsf	130,0,c	;volatile
   193                           
   194                           ;Tank_Control_main.c: 112:                 PORTCbits.RC1 = 1;
   195   000636  8282               	bsf	130,1,c	;volatile
   196                           
   197                           ;Tank_Control_main.c: 113:                 PORTCbits.RC2 = 1;
   198   000638  8482               	bsf	130,2,c	;volatile
   199                           
   200                           ;Tank_Control_main.c: 114:                 PORTCbits.RC3 = 0;
   201   00063A  9682               	bcf	130,3,c	;volatile
   202                           
   203                           ;Tank_Control_main.c: 115:                 PORTCbits.RC4 = 1;
   204   00063C  8882               	bsf	130,4,c	;volatile
   205                           
   206                           ;Tank_Control_main.c: 116:                 PORTCbits.RC5 = 0;
   207   00063E  9A82               	bcf	130,5,c	;volatile
   208                           
   209                           ;Tank_Control_main.c: 117:             break;
   210   000640  EF05  F003         	goto	l721
   211   000644                     l35:
   212                           
   213                           ;Tank_Control_main.c: 119:                 PORTCbits.RC0 = 0;
   214   000644  9082               	bcf	130,0,c	;volatile
   215                           
   216                           ;Tank_Control_main.c: 120:                 PORTCbits.RC1 = 0;
   217   000646  9282               	bcf	130,1,c	;volatile
   218                           
   219                           ;Tank_Control_main.c: 121:                 PORTCbits.RC2 = 1;
   220   000648  8482               	bsf	130,2,c	;volatile
   221                           
   222                           ;Tank_Control_main.c: 122:                 PORTCbits.RC3 = 0;
   223   00064A  9682               	bcf	130,3,c	;volatile
   224                           
   225                           ;Tank_Control_main.c: 123:                 PORTCbits.RC4 = 0;
   226   00064C  9882               	bcf	130,4,c	;volatile
   227                           
   228                           ;Tank_Control_main.c: 124:                 PORTCbits.RC5 = 1;
   229   00064E  8A82               	bsf	130,5,c	;volatile
   230                           
   231                           ;Tank_Control_main.c: 125:             break;
   232   000650  EF05  F003         	goto	l721
   233   000654                     l36:
   234                           
   235                           ;Tank_Control_main.c: 127:                 PORTCbits.RC0 = 0;
   236   000654  9082               	bcf	130,0,c	;volatile
   237                           
   238                           ;Tank_Control_main.c: 128:                 PORTCbits.RC1 = 0;
   239   000656  9282               	bcf	130,1,c	;volatile
   240                           
   241                           ;Tank_Control_main.c: 129:                 PORTCbits.RC2 = 0;
   242   000658  9482               	bcf	130,2,c	;volatile
   243                           
   244                           ;Tank_Control_main.c: 130:                 PORTCbits.RC3 = 1;
   245   00065A  8682               	bsf	130,3,c	;volatile
   246                           
   247                           ;Tank_Control_main.c: 131:                 PORTCbits.RC4 = 1;
   248   00065C  8882               	bsf	130,4,c	;volatile
   249                           
   250                           ;Tank_Control_main.c: 132:                 PORTCbits.RC5 = 1;
   251   00065E  8A82               	bsf	130,5,c	;volatile
   252                           
   253                           ;Tank_Control_main.c: 133:             break;
   254   000660  EF05  F003         	goto	l721
   255   000664                     l725:
   256   000664  C001  F003         	movff	_SensorValue,??_main
   257   000668  C002  F004         	movff	_SensorValue+1,??_main+1
   258                           
   259                           ; Switch on 2 bytes has been partitioned into a top level switch of size 1, and 1 sub-sw
      +                          itches
   260                           ; Switch size 1, requested type "simple"
   261                           ; Number of cases is 1, Range of values is 0 to 0
   262                           ; switch strategies available:
   263                           ; Name         Instructions Cycles
   264                           ; simple_byte            4     3 (average)
   265                           ;	Chosen strategy is simple_byte
   266   00066C  5004               	movf	(??_main+1)^0,w,c
   267   00066E  0A00               	xorlw	0	; case 0
   268   000670  B4D8               	btfsc	status,2,c
   269   000672  EF3D  F003         	goto	l735
   270   000676  EF2A  F003         	goto	l36
   271   00067A                     l735:
   272                           
   273                           ; Switch size 1, requested type "simple"
   274                           ; Number of cases is 4, Range of values is 0 to 7
   275                           ; switch strategies available:
   276                           ; Name         Instructions Cycles
   277                           ; simple_byte           13     7 (average)
   278                           ;	Chosen strategy is simple_byte
   279   00067A  5003               	movf	??_main^0,w,c
   280   00067C  0A00               	xorlw	0	; case 0
   281   00067E  B4D8               	btfsc	status,2,c
   282   000680  EF0A  F003         	goto	l31
   283   000684  0A01               	xorlw	1	; case 1
   284   000686  B4D8               	btfsc	status,2,c
   285   000688  EF12  F003         	goto	l33
   286   00068C  0A02               	xorlw	2	; case 3
   287   00068E  B4D8               	btfsc	status,2,c
   288   000690  EF1A  F003         	goto	l34
   289   000694  0A04               	xorlw	4	; case 7
   290   000696  B4D8               	btfsc	status,2,c
   291   000698  EF22  F003         	goto	l35
   292   00069C  EF2A  F003         	goto	l36
   293   0006A0  EF00  F000         	goto	start
   294   0006A4                     __end_of_main:
   295                           	callstack 0
   296                           
   297 ;; *************** function _config_OSC *****************
   298 ;; Defined at:
   299 ;;		line 73 in file "Tank_Control_main.c"
   300 ;; Parameters:    Size  Location     Type
   301 ;;		None
   302 ;; Auto vars:     Size  Location     Type
   303 ;;		None
   304 ;; Return value:  Size  Location     Type
   305 ;;                  1    wreg      void 
   306 ;; Registers used:
   307 ;;		wreg, status,2
   308 ;; Tracked objects:
   309 ;;		On entry : 0/0
   310 ;;		On exit  : 0/0
   311 ;;		Unchanged: 0/0
   312 ;; Data sizes:     COMRAM   BANK0   BANK1   BANK2   BANK3   BANK4   BANK5
   313 ;;      Params:         0       0       0       0       0       0       0
   314 ;;      Locals:         0       0       0       0       0       0       0
   315 ;;      Temps:          0       0       0       0       0       0       0
   316 ;;      Totals:         0       0       0       0       0       0       0
   317 ;;Total ram usage:        0 bytes
   318 ;; Hardware stack levels used: 1
   319 ;; This function calls:
   320 ;;		Nothing
   321 ;; This function is called by:
   322 ;;		_main
   323 ;; This function uses a non-reentrant model
   324 ;;
   325                           
   326                           	psect	text1
   327   0006C0                     __ptext1:
   328                           	callstack 0
   329   0006C0                     _config_OSC:
   330                           	callstack 30
   331   0006C0                     
   332                           ;Tank_Control_main.c: 75:     OSCCON = 0X00;
   333   0006C0  0E00               	movlw	0
   334   0006C2  6ED3               	movwf	211,c	;volatile
   335                           
   336                           ;Tank_Control_main.c: 76:     OSCTUNE = 0X00;
   337   0006C4  0E00               	movlw	0
   338   0006C6  6E9B               	movwf	155,c	;volatile
   339   0006C8  0012               	return		;funcret
   340   0006CA                     __end_of_config_OSC:
   341                           	callstack 0
   342                           
   343 ;; *************** function _config_IO *****************
   344 ;; Defined at:
   345 ;;		line 78 in file "Tank_Control_main.c"
   346 ;; Parameters:    Size  Location     Type
   347 ;;		None
   348 ;; Auto vars:     Size  Location     Type
   349 ;;		None
   350 ;; Return value:  Size  Location     Type
   351 ;;                  1    wreg      void 
   352 ;; Registers used:
   353 ;;		wreg, status,2
   354 ;; Tracked objects:
   355 ;;		On entry : 0/0
   356 ;;		On exit  : 0/0
   357 ;;		Unchanged: 0/0
   358 ;; Data sizes:     COMRAM   BANK0   BANK1   BANK2   BANK3   BANK4   BANK5
   359 ;;      Params:         0       0       0       0       0       0       0
   360 ;;      Locals:         0       0       0       0       0       0       0
   361 ;;      Temps:          0       0       0       0       0       0       0
   362 ;;      Totals:         0       0       0       0       0       0       0
   363 ;;Total ram usage:        0 bytes
   364 ;; Hardware stack levels used: 1
   365 ;; This function calls:
   366 ;;		Nothing
   367 ;; This function is called by:
   368 ;;		_main
   369 ;; This function uses a non-reentrant model
   370 ;;
   371                           
   372                           	psect	text2
   373   0006A4                     __ptext2:
   374                           	callstack 0
   375   0006A4                     _config_IO:
   376                           	callstack 30
   377   0006A4                     
   378                           ;Tank_Control_main.c: 80:     TRISB = 0X07;
   379   0006A4  0E07               	movlw	7
   380   0006A6  6E93               	movwf	147,c	;volatile
   381                           
   382                           ;Tank_Control_main.c: 81:     TRISC = 0X00;
   383   0006A8  0E00               	movlw	0
   384   0006AA  6E94               	movwf	148,c	;volatile
   385                           
   386                           ;Tank_Control_main.c: 82:     PORTC = 0X00;
   387   0006AC  0E00               	movlw	0
   388   0006AE  6E82               	movwf	130,c	;volatile
   389                           
   390                           ;Tank_Control_main.c: 83:     ADCON1 = 0X0F;
   391   0006B0  0E0F               	movlw	15
   392   0006B2  6EC1               	movwf	193,c	;volatile
   393   0006B4  0012               	return		;funcret
   394   0006B6                     __end_of_config_IO:
   395                           	callstack 0
   396                           
   397                           	psect	smallconst
   398   000600                     __psmallconst:
   399                           	callstack 0
   400   000600  00                 	db	0
   401   000601  00                 	db	0	; dummy byte at the end
   402   000000                     
   403                           	psect	rparam
   404   000000                     
   405                           	psect	idloc
   406                           
   407                           ;Config register IDLOC0 @ 0x200000
   408                           ;	unspecified, using default values
   409   200000                     	org	2097152
   410   200000  FF                 	db	255
   411                           
   412                           ;Config register IDLOC1 @ 0x200001
   413                           ;	unspecified, using default values
   414   200001                     	org	2097153
   415   200001  FF                 	db	255
   416                           
   417                           ;Config register IDLOC2 @ 0x200002
   418                           ;	unspecified, using default values
   419   200002                     	org	2097154
   420   200002  FF                 	db	255
   421                           
   422                           ;Config register IDLOC3 @ 0x200003
   423                           ;	unspecified, using default values
   424   200003                     	org	2097155
   425   200003  FF                 	db	255
   426                           
   427                           ;Config register IDLOC4 @ 0x200004
   428                           ;	unspecified, using default values
   429   200004                     	org	2097156
   430   200004  FF                 	db	255
   431                           
   432                           ;Config register IDLOC5 @ 0x200005
   433                           ;	unspecified, using default values
   434   200005                     	org	2097157
   435   200005  FF                 	db	255
   436                           
   437                           ;Config register IDLOC6 @ 0x200006
   438                           ;	unspecified, using default values
   439   200006                     	org	2097158
   440   200006  FF                 	db	255
   441                           
   442                           ;Config register IDLOC7 @ 0x200007
   443                           ;	unspecified, using default values
   444   200007                     	org	2097159
   445   200007  FF                 	db	255
   446                           
   447                           	psect	config
   448                           
   449                           ; Padding undefined space
   450   300000                     	org	3145728
   451   300000  FF                 	db	255
   452                           
   453                           ;Config register CONFIG1H @ 0x300001
   454                           ;	Oscillator Selection bits
   455                           ;	OSC = HS, HS oscillator
   456                           ;	Fail-Safe Clock Monitor Enable bit
   457                           ;	FCMEN = OFF, Fail-Safe Clock Monitor disabled
   458                           ;	Internal/External Oscillator Switchover bit
   459                           ;	IESO = OFF, Oscillator Switchover mode disabled
   460   300001                     	org	3145729
   461   300001  02                 	db	2
   462                           
   463                           ;Config register CONFIG2L @ 0x300002
   464                           ;	Power-up Timer Enable bit
   465                           ;	PWRT = OFF, PWRT disabled
   466                           ;	Brown-out Reset Enable bits
   467                           ;	BOREN = SBORDIS, Brown-out Reset enabled in hardware only (SBOREN is disabled)
   468                           ;	Brown Out Reset Voltage bits
   469                           ;	BORV = 3, Minimum setting
   470   300002                     	org	3145730
   471   300002  1F                 	db	31
   472                           
   473                           ;Config register CONFIG2H @ 0x300003
   474                           ;	Watchdog Timer Enable bit
   475                           ;	WDT = OFF, WDT disabled (control is placed on the SWDTEN bit)
   476                           ;	Watchdog Timer Postscale Select bits
   477                           ;	WDTPS = 32768, 1:32768
   478   300003                     	org	3145731
   479   300003  1E                 	db	30
   480                           
   481                           ; Padding undefined space
   482   300004                     	org	3145732
   483   300004  FF                 	db	255
   484                           
   485                           ;Config register CONFIG3H @ 0x300005
   486                           ;	CCP2 MUX bit
   487                           ;	CCP2MX = PORTC, CCP2 input/output is multiplexed with RC1
   488                           ;	PORTB A/D Enable bit
   489                           ;	PBADEN = OFF, PORTB<4:0> pins are configured as digital I/O on Reset
   490                           ;	Low-Power Timer1 Oscillator Enable bit
   491                           ;	LPT1OSC = OFF, Timer1 configured for higher power operation
   492                           ;	MCLR Pin Enable bit
   493                           ;	MCLRE = ON, MCLR pin enabled; RE3 input pin disabled
   494   300005                     	org	3145733
   495   300005  81                 	db	129
   496                           
   497                           ;Config register CONFIG4L @ 0x300006
   498                           ;	Stack Full/Underflow Reset Enable bit
   499                           ;	STVREN = ON, Stack full/underflow will cause Reset
   500                           ;	Single-Supply ICSP Enable bit
   501                           ;	LVP = OFF, Single-Supply ICSP disabled
   502                           ;	Extended Instruction Set Enable bit
   503                           ;	XINST = OFF, Instruction set extension and Indexed Addressing mode disabled (Legacy mo
      +                          de)
   504                           ;	Background Debugger Enable bit
   505                           ;	DEBUG = 0x1, unprogrammed default
   506   300006                     	org	3145734
   507   300006  81                 	db	129
   508                           
   509                           ; Padding undefined space
   510   300007                     	org	3145735
   511   300007  FF                 	db	255
   512                           
   513                           ;Config register CONFIG5L @ 0x300008
   514                           ;	Code Protection bit
   515                           ;	CP0 = OFF, Block 0 (000800-001FFFh) not code-protected
   516                           ;	Code Protection bit
   517                           ;	CP1 = OFF, Block 1 (002000-003FFFh) not code-protected
   518                           ;	Code Protection bit
   519                           ;	CP2 = OFF, Block 2 (004000-005FFFh) not code-protected
   520                           ;	Code Protection bit
   521                           ;	CP3 = OFF, Block 3 (006000-007FFFh) not code-protected
   522   300008                     	org	3145736
   523   300008  0F                 	db	15
   524                           
   525                           ;Config register CONFIG5H @ 0x300009
   526                           ;	Boot Block Code Protection bit
   527                           ;	CPB = OFF, Boot block (000000-0007FFh) not code-protected
   528                           ;	Data EEPROM Code Protection bit
   529                           ;	CPD = OFF, Data EEPROM not code-protected
   530   300009                     	org	3145737
   531   300009  C0                 	db	192
   532                           
   533                           ;Config register CONFIG6L @ 0x30000A
   534                           ;	Write Protection bit
   535                           ;	WRT0 = OFF, Block 0 (000800-001FFFh) not write-protected
   536                           ;	Write Protection bit
   537                           ;	WRT1 = OFF, Block 1 (002000-003FFFh) not write-protected
   538                           ;	Write Protection bit
   539                           ;	WRT2 = OFF, Block 2 (004000-005FFFh) not write-protected
   540                           ;	Write Protection bit
   541                           ;	WRT3 = OFF, Block 3 (006000-007FFFh) not write-protected
   542   30000A                     	org	3145738
   543   30000A  0F                 	db	15
   544                           
   545                           ;Config register CONFIG6H @ 0x30000B
   546                           ;	Configuration Register Write Protection bit
   547                           ;	WRTC = OFF, Configuration registers (300000-3000FFh) not write-protected
   548                           ;	Boot Block Write Protection bit
   549                           ;	WRTB = OFF, Boot block (000000-0007FFh) not write-protected
   550                           ;	Data EEPROM Write Protection bit
   551                           ;	WRTD = OFF, Data EEPROM not write-protected
   552   30000B                     	org	3145739
   553   30000B  E0                 	db	224
   554                           
   555                           ;Config register CONFIG7L @ 0x30000C
   556                           ;	Table Read Protection bit
   557                           ;	EBTR0 = OFF, Block 0 (000800-001FFFh) not protected from table reads executed in other
      +                           blocks
   558                           ;	Table Read Protection bit
   559                           ;	EBTR1 = OFF, Block 1 (002000-003FFFh) not protected from table reads executed in other
      +                           blocks
   560                           ;	Table Read Protection bit
   561                           ;	EBTR2 = OFF, Block 2 (004000-005FFFh) not protected from table reads executed in other
      +                           blocks
   562                           ;	Table Read Protection bit
   563                           ;	EBTR3 = OFF, Block 3 (006000-007FFFh) not protected from table reads executed in other
      +                           blocks
   564   30000C                     	org	3145740
   565   30000C  0F                 	db	15
   566                           
   567                           ;Config register CONFIG7H @ 0x30000D
   568                           ;	Boot Block Table Read Protection bit
   569                           ;	EBTRB = OFF, Boot block (000000-0007FFh) not protected from table reads executed in ot
      +                          her blocks
   570   30000D                     	org	3145741
   571   30000D  40                 	db	64
   572                           tosu	equ	0xFFF
   573                           tosh	equ	0xFFE
   574                           tosl	equ	0xFFD
   575                           stkptr	equ	0xFFC
   576                           pclatu	equ	0xFFB
   577                           pclath	equ	0xFFA
   578                           pcl	equ	0xFF9
   579                           tblptru	equ	0xFF8
   580                           tblptrh	equ	0xFF7
   581                           tblptrl	equ	0xFF6
   582                           tablat	equ	0xFF5
   583                           prodh	equ	0xFF4
   584                           prodl	equ	0xFF3
   585                           indf0	equ	0xFEF
   586                           postinc0	equ	0xFEE
   587                           postdec0	equ	0xFED
   588                           preinc0	equ	0xFEC
   589                           plusw0	equ	0xFEB
   590                           fsr0h	equ	0xFEA
   591                           fsr0l	equ	0xFE9
   592                           wreg	equ	0xFE8
   593                           indf1	equ	0xFE7
   594                           postinc1	equ	0xFE6
   595                           postdec1	equ	0xFE5
   596                           preinc1	equ	0xFE4
   597                           plusw1	equ	0xFE3
   598                           fsr1h	equ	0xFE2
   599                           fsr1l	equ	0xFE1
   600                           bsr	equ	0xFE0
   601                           indf2	equ	0xFDF
   602                           postinc2	equ	0xFDE
   603                           postdec2	equ	0xFDD
   604                           preinc2	equ	0xFDC
   605                           plusw2	equ	0xFDB
   606                           fsr2h	equ	0xFDA
   607                           fsr2l	equ	0xFD9
   608                           status	equ	0xFD8

Data Sizes:
    Strings     0
    Constant    0
    Data        0
    BSS         0
    Persistent  2
    Stack       0

Auto Spaces:
    Space          Size  Autos    Used
    COMRAM          127      2       4
    BANK0           128      0       0
    BANK1           256      0       0
    BANK2           256      0       0
    BANK3           256      0       0
    BANK4           256      0       0
    BANK5           256      0       0

Pointer List with Targets:

    None.

Critical Paths under _main in COMRAM

    None.

Critical Paths under _main in BANK0

    None.

Critical Paths under _main in BANK1

    None.

Critical Paths under _main in BANK2

    None.

Critical Paths under _main in BANK3

    None.

Critical Paths under _main in BANK4

    None.

Critical Paths under _main in BANK5

    None.

Call Graph Tables:

 ---------------------------------------------------------------------------------
 (Depth) Function   	        Calls       Base Space   Used Autos Params    Refs
 ---------------------------------------------------------------------------------
 (0) _main                                                 2     2      0       0
                                              0 COMRAM     2     2      0
                          _config_IO
                         _config_OSC
 ---------------------------------------------------------------------------------
 (1) _config_OSC                                           0     0      0       0
 ---------------------------------------------------------------------------------
 (1) _config_IO                                            0     0      0       0
 ---------------------------------------------------------------------------------
 Estimated maximum stack depth 1
 ---------------------------------------------------------------------------------

 Call Graph Graphs:

 _main (ROOT)
   _config_IO
   _config_OSC

 Address spaces:
Name               Size   Autos  Total    Cost      Usage
BITCOMRAM           7F      0       0       0        0.0%
EEDATA             100      0       0       0        0.0%
NULL                 0      0       0       0        0.0%
CODE                 0      0       0       0        0.0%
COMRAM              7F      2       4       1        3.1%
STACK                0      0       0       2        0.0%
DATA                 0      0       4       3        0.0%
BITBANK0            80      0       0       4        0.0%
BANK0               80      0       0       5        0.0%
BITBANK1           100      0       0       6        0.0%
BANK1              100      0       0       7        0.0%
BITBANK2           100      0       0       8        0.0%
BANK2              100      0       0       9        0.0%
BITBANK3           100      0       0      10        0.0%
BANK3              100      0       0      11        0.0%
BITBANK4           100      0       0      12        0.0%
BANK4              100      0       0      13        0.0%
BITBANK5           100      0       0      14        0.0%
BANK5              100      0       0      15        0.0%
BITBIGSFRh          2C      0       0      16        0.0%
BITBIGSFRlhh        11      0       0      17        0.0%
BITBIGSFRlhl        25      0       0      18        0.0%
BITBIGSFRllh         6      0       0      19        0.0%
BITBIGSFRlllh       10      0       0      20        0.0%
BITBIGSFRllll        1      0       0      21        0.0%
ABS                  0      0       4      22        0.0%
BIGRAM             5FF      0       0      23        0.0%
BIGSFR               0      0       0     200        0.0%
BITSFR               0      0       0     200        0.0%
SFR                  0      0       0     200        0.0%


Microchip Technology PIC18 Macro Assembler V2.46 build 20240104201356 
Symbol Table                                                                                   Mon Apr 22 19:02:54 2024

                     l21 06C8                       l31 0614                       l24 06B4  
                     l33 0624                       l34 0634                       l35 0644  
                     l36 0654                      l721 060A                      l715 06C0  
                    l717 06A4                      l725 0664                      l735 067A  
                    l719 0602                     _main 0602                     start 0000  
           ___param_bank 0000                    ?_main 0003                    _PORTB 0F81  
                  _PORTC 0F82                    _TRISB 0F93                    _TRISC 0F94  
                  status 0FD8          __initialization 06B6             __end_of_main 06A4  
                 ??_main 0003            __activetblptr 0002                   _ADCON1 0FC1  
                 _OSCCON 0FD3                   isa$std 0001             __mediumconst 0000  
                 tblptru 0FF8               __accesstop 0080  __end_of__initialization 06B6  
          ___rparam_used 0001           __pcstackCOMRAM 0003               __pnvCOMRAM 0001  
             _config_OSC 06C0                  _OSCTUNE 0F9B                  __Hparam 0000  
                __Lparam 0000        __end_of_config_IO 06B6             __psmallconst 0600  
            _SensorValue 0001                  __pcinit 06B6                  __ramtop 0600  
                __ptext0 0602                  __ptext1 06C0                  __ptext2 06A4  
   end_of_initialization 06B6            __Lmediumconst 0000                _PORTCbits 0F82  
            ?_config_OSC 0003      start_initialization 06B6                _config_IO 06A4  
            __smallconst 0600               ?_config_IO 0003             ??_config_OSC 0003  
               __Hrparam 0000                 __Lrparam 0000       __end_of_config_OSC 06CA  
               isa$xinst 0000              ??_config_IO 0003  
